2021/04/27 00:11:24.900 [I] [admin.go:447]  Admin server Running on :8088
2021/04/27 00:11:24.900 [I] [app.go:214]  http server Running on http://:8080
2021/04/27 00:12:07.780 [I] [app.go:214]  http server Running on http://:8080
2021/04/27 00:12:07.780 [I] [admin.go:447]  Admin server Running on :8088
2021/04/27 00:14:05.357 [I] [admin.go:447]  Admin server Running on :8088
2021/04/27 00:14:05.357 [I] [app.go:214]  http server Running on http://:8080
2021/04/27 00:14:12.491 [I] [app.go:214]  http server Running on http://:8080
2021/04/27 00:14:12.491 [I] [admin.go:447]  Admin server Running on :8088
2021/04/27 00:14:56.579 [I] [admin.go:447]  Admin server Running on :8088
2021/04/27 00:14:56.579 [I] [app.go:214]  http server Running on http://:8080
2021/04/27 00:15:07.795 [I] [app.go:214]  http server Running on http://:8080
2021/04/27 00:15:07.795 [I] [admin.go:447]  Admin server Running on :8088
2021/04/27 00:15:13.500 [I] [app.go:214]  http server Running on http://:8080
2021/04/27 00:15:13.500 [I] [admin.go:447]  Admin server Running on :8088
2021/04/27 00:15:15.918 [D] [router.go:969]  |            ::1|[47m 302 [0m|     4.0058ms| nomatch|[44m GET     [0m /admin/index
2021/04/27 00:15:15.983 [D] [router.go:969]  |            ::1|[42m 200 [0m|    60.9654ms|   match|[44m GET     [0m /login   r:/login
2021/04/27 00:15:22.742 [D] [router.go:969]  |            ::1|[42m 200 [0m|     6.9953ms|   match|[46m POST    [0m /login   r:/login
2021/04/27 00:15:22.784 [W] [router.go:528]  urlfor endpoint must like path.controller.method
2021/04/27 00:15:22.785 [W] [router.go:528]  urlfor endpoint must like path.controller.method
2021/04/27 00:15:22.785 [D] [router.go:969]  |            ::1|[42m 200 [0m|    33.9811ms|   match|[44m GET     [0m /admin/index   r:/admin/index
2021/04/27 00:15:22.814 [D] [router.go:969]  |            ::1|[42m 200 [0m|     2.9989ms|   match|[44m GET     [0m /admin/welcome   r:/admin/welcome
2021/04/27 00:15:25.021 [D] [router.go:969]  |            ::1|[42m 200 [0m|    12.9808ms|   match|[44m GET     [0m /admin/cars/cars_list   r:/admin/cars/cars_list
2021/04/27 00:15:26.130 [D] [router.go:969]  |            ::1|[43m 404 [0m|           0s| nomatch|[44m GET     [0m /admin/cars/do_cars
2021/04/27 00:15:26.164 [D] [router.go:969]  |            ::1|[42m 200 [0m|    34.9789ms|   match|[44m GET     [0m /static//lib/layui/css/modules/layer/default/loading-1.gif
2021/04/27 00:15:26.173 [D] [router.go:969]  |            ::1|[42m 200 [0m|     8.9955ms|   match|[44m GET     [0m /static//lib/layui/css/modules/layer/default/icon.png
2021/04/27 00:16:48.171 [I] [admin.go:447]  Admin server Running on :8088
2021/04/27 00:16:48.171 [I] [app.go:214]  http server Running on http://:8080
2021/04/27 00:16:56.252 [D] [router.go:969]  |            ::1|[47m 302 [0m|     2.9975ms| nomatch|[44m GET     [0m /admin/index
2021/04/27 00:16:56.320 [D] [router.go:969]  |            ::1|[42m 200 [0m|    63.9623ms|   match|[44m GET     [0m /login   r:/login
2021/04/27 00:17:02.024 [D] [router.go:969]  |            ::1|[42m 200 [0m|    58.9685ms|   match|[44m GET     [0m /change_captcha   r:/change_captcha
2021/04/27 00:17:03.029 [D] [router.go:969]  |            ::1|[42m 200 [0m|    55.9677ms|   match|[44m GET     [0m /change_captcha   r:/change_captcha
2021/04/27 00:17:07.012 [D] [router.go:969]  |            ::1|[42m 200 [0m|    53.9803ms|   match|[44m GET     [0m /change_captcha   r:/change_captcha
2021/04/27 00:17:08.204 [D] [router.go:969]  |            ::1|[42m 200 [0m|    53.9643ms|   match|[44m GET     [0m /change_captcha   r:/change_captcha
2021/04/27 00:17:16.397 [D] [router.go:969]  |            ::1|[42m 200 [0m|     5.9862ms|   match|[46m POST    [0m /login   r:/login
2021/04/27 00:17:16.438 [W] [router.go:528]  urlfor endpoint must like path.controller.method
2021/04/27 00:17:16.439 [W] [router.go:528]  urlfor endpoint must like path.controller.method
2021/04/27 00:17:16.439 [D] [router.go:969]  |            ::1|[42m 200 [0m|    33.9911ms|   match|[44m GET     [0m /admin/index   r:/admin/index
2021/04/27 00:17:16.474 [D] [router.go:969]  |            ::1|[42m 200 [0m|     2.9961ms|   match|[44m GET     [0m /admin/welcome   r:/admin/welcome
2021/04/27 00:17:20.133 [D] [router.go:969]  |            ::1|[42m 200 [0m|    12.9943ms|   match|[44m GET     [0m /admin/cars/cars_list   r:/admin/cars/cars_list
2021/04/27 00:17:21.246 [D] [router.go:969]  |            ::1|[42m 200 [0m|     4.9992ms|   match|[44m GET     [0m /admin/cars/to_cars   r:/admin/cars/to_cars
2021/04/27 00:25:12.759 [I] [admin.go:447]  Admin server Running on :8088
2021/04/27 00:25:12.759 [I] [app.go:214]  http server Running on http://:8080
2021/04/27 00:25:34.274 [I] [app.go:214]  http server Running on http://:8080
2021/04/27 00:25:34.274 [I] [admin.go:447]  Admin server Running on :8088
2021/04/27 00:25:56.044 [I] [app.go:214]  http server Running on http://:8080
2021/04/27 00:25:56.044 [I] [admin.go:447]  Admin server Running on :8088
2021/04/27 00:26:15.598 [I] [admin.go:447]  Admin server Running on :8088
2021/04/27 00:26:15.598 [I] [app.go:214]  http server Running on http://:8080
2021/04/27 00:26:19.930 [D] [router.go:969]  |            ::1|[47m 302 [0m|     2.9915ms| nomatch|[44m GET     [0m /admin/index
2021/04/27 00:26:19.997 [D] [router.go:969]  |            ::1|[42m 200 [0m|    62.9639ms|   match|[44m GET     [0m /login   r:/login
2021/04/27 00:26:28.188 [D] [router.go:969]  |            ::1|[42m 200 [0m|     5.9944ms|   match|[46m POST    [0m /login   r:/login
2021/04/27 00:26:28.229 [W] [router.go:528]  urlfor endpoint must like path.controller.method
2021/04/27 00:26:28.230 [W] [router.go:528]  urlfor endpoint must like path.controller.method
2021/04/27 00:26:28.231 [D] [router.go:969]  |            ::1|[42m 200 [0m|    34.9781ms|   match|[44m GET     [0m /admin/index   r:/admin/index
2021/04/27 00:26:28.258 [D] [router.go:969]  |            ::1|[42m 200 [0m|      2.998ms|   match|[44m GET     [0m /admin/welcome   r:/admin/welcome
2021/04/27 00:26:33.341 [D] [router.go:969]  |            ::1|[42m 200 [0m|    14.0035ms|   match|[44m GET     [0m /admin/cars/cars_list   r:/admin/cars/cars_list
2021/04/27 00:26:34.669 [D] [router.go:969]  |            ::1|[42m 200 [0m|     4.9974ms|   match|[44m GET     [0m /admin/cars/to_cars   r:/admin/cars/to_cars
2021/04/27 00:26:48.001 [D] [router.go:969]  |            ::1|[42m 200 [0m|     1.9892ms|   match|[46m POST    [0m /admin/cars/do_cars   r:/admin/cars/do_cars
2021/04/27 00:27:05.382 [D] [router.go:969]  |            ::1|[42m 200 [0m|    89.9619ms|   match|[46m POST    [0m /admin/cars/do_cars   r:/admin/cars/do_cars
2021/04/27 00:27:07.400 [D] [router.go:969]  |            ::1|[42m 200 [0m|     6.9983ms|   match|[44m GET     [0m /admin/cars/cars_list   r:/admin/cars/cars_list
2021/04/27 00:27:10.156 [D] [router.go:969]  |            ::1|[42m 200 [0m|     6.9909ms|   match|[44m GET     [0m /admin/cars/cars_list   r:/admin/cars/cars_list
2021/04/27 00:34:22.418 [I] [app.go:214]  http server Running on http://:8080
2021/04/27 00:34:22.418 [I] [admin.go:447]  Admin server Running on :8088
2021/04/27 00:35:27.906 [I] [admin.go:447]  Admin server Running on :8088
2021/04/27 00:35:27.906 [I] [app.go:214]  http server Running on http://:8080
2021/04/27 00:36:35.450 [I] [admin.go:447]  Admin server Running on :8088
2021/04/27 00:36:35.450 [I] [app.go:214]  http server Running on http://:8080
2021/04/27 00:38:24.008 [I] [admin.go:447]  Admin server Running on :8088
2021/04/27 00:38:24.008 [I] [app.go:214]  http server Running on http://:8080
2021/04/27 00:38:59.543 [I] [app.go:214]  http server Running on http://:8080
2021/04/27 00:38:59.543 [I] [admin.go:447]  Admin server Running on :8088
2021/04/27 00:40:36.253 [I] [app.go:214]  http server Running on http://:8080
2021/04/27 00:40:36.254 [I] [admin.go:447]  Admin server Running on :8088
2021/04/27 00:40:39.979 [I] [app.go:214]  http server Running on http://:8080
2021/04/27 00:40:39.979 [I] [admin.go:447]  Admin server Running on :8088
2021/04/27 00:41:14.266 [I] [app.go:214]  http server Running on http://:8080
2021/04/27 00:41:14.266 [I] [admin.go:447]  Admin server Running on :8088
2021/04/27 00:42:25.269 [I] [app.go:214]  http server Running on http://:8080
2021/04/27 00:42:25.269 [I] [admin.go:447]  Admin server Running on :8088
2021/04/27 00:44:22.373 [I] [app.go:214]  http server Running on http://:8080
2021/04/27 00:44:22.373 [I] [admin.go:447]  Admin server Running on :8088
2021/04/27 00:47:17.102 [D] [router.go:969]  |            ::1|[47m 302 [0m|     3.0071ms| nomatch|[44m GET     [0m /admin/index
2021/04/27 00:47:17.168 [D] [router.go:969]  |            ::1|[42m 200 [0m|    61.9768ms|   match|[44m GET     [0m /login   r:/login
2021/04/27 00:47:21.803 [D] [router.go:969]  |            ::1|[42m 200 [0m|    59.0166ms|   match|[44m GET     [0m /change_captcha   r:/change_captcha
2021/04/27 00:47:24.038 [D] [router.go:969]  |            ::1|[42m 200 [0m|     5.9854ms|   match|[46m POST    [0m /login   r:/login
2021/04/27 00:47:24.078 [W] [router.go:528]  urlfor endpoint must like path.controller.method
2021/04/27 00:47:24.079 [D] [router.go:969]  |            ::1|[42m 200 [0m|    32.9816ms|   match|[44m GET     [0m /admin/index   r:/admin/index
2021/04/27 00:47:24.107 [D] [router.go:969]  |            ::1|[42m 200 [0m|      2.997ms|   match|[44m GET     [0m /admin/welcome   r:/admin/welcome
2021/04/27 00:47:26.342 [D] [router.go:969]  |            ::1|[42m 200 [0m|    12.0036ms|   match|[44m GET     [0m /admin/cars/cars_apply_list   r:/admin/cars/cars_apply_list
2021/04/27 00:47:26.365 [D] [router.go:969]  |            ::1|[42m 200 [0m|      998.1µs|   match|[44m GET     [0m /static/lib/layui/lay/modules/laydate.js
2021/04/27 00:47:26.375 [D] [router.go:969]  |            ::1|[42m 200 [0m|           0s|   match|[44m GET     [0m /static/lib/layui/css/modules/laydate/default/laydate.css
2021/04/27 00:47:40.912 [D] [router.go:969]  |            ::1|[42m 200 [0m|     4.9968ms|   match|[44m GET     [0m /admin/cars/cars_apply_list   r:/admin/cars/cars_apply_list
2021/04/27 00:47:41.463 [D] [router.go:969]  |            ::1|[42m 200 [0m|     5.9945ms|   match|[44m GET     [0m /admin/cars/cars_apply_list   r:/admin/cars/cars_apply_list
2021/04/27 00:47:41.887 [D] [router.go:969]  |            ::1|[42m 200 [0m|      4.998ms|   match|[44m GET     [0m /admin/cars/cars_apply_list   r:/admin/cars/cars_apply_list
2021/04/27 00:49:42.400 [D] [router.go:969]  |            ::1|[42m 200 [0m|     7.0076ms|   match|[44m GET     [0m /admin/cars/cars_list   r:/admin/cars/cars_list
2021/04/27 00:49:45.358 [D] [router.go:969]  |            ::1|[42m 200 [0m|     3.9962ms|   match|[44m GET     [0m /admin/cars/to_cars   r:/admin/cars/to_cars
2021/04/27 00:50:12.629 [D] [router.go:969]  |            ::1|[42m 200 [0m|   307.8113ms|   match|[46m POST    [0m /admin/cars/do_cars   r:/admin/cars/do_cars
2021/04/27 00:50:14.650 [D] [router.go:969]  |            ::1|[42m 200 [0m|     9.0051ms|   match|[44m GET     [0m /admin/cars/cars_list   r:/admin/cars/cars_list
2021/04/27 00:50:16.127 [D] [router.go:969]  |            ::1|[42m 200 [0m|     5.9944ms|   match|[44m GET     [0m /admin/cars/cars_list   r:/admin/cars/cars_list
2021/04/27 00:56:57.603 [I] [app.go:214]  http server Running on http://:8080
2021/04/27 00:56:57.603 [I] [admin.go:447]  Admin server Running on :8088
2021/04/27 00:58:19.416 [I] [admin.go:447]  Admin server Running on :8088
2021/04/27 00:58:19.416 [I] [app.go:214]  http server Running on http://:8080
2021/04/27 00:58:37.003 [D] [router.go:969]  |            ::1|[47m 302 [0m|      2.994ms| nomatch|[44m GET     [0m /admin/index
2021/04/27 00:58:37.070 [D] [router.go:969]  |            ::1|[42m 200 [0m|    61.9751ms|   match|[44m GET     [0m /login   r:/login
2021/04/27 00:58:44.859 [D] [router.go:969]  |            ::1|[42m 200 [0m|     3.9985ms|   match|[46m POST    [0m /login   r:/login
2021/04/27 00:58:44.886 [W] [router.go:528]  urlfor endpoint must like path.controller.method
2021/04/27 00:58:44.887 [D] [router.go:969]  |            ::1|[42m 200 [0m|    19.9997ms|   match|[44m GET     [0m /admin/index   r:/admin/index
2021/04/27 00:58:44.915 [D] [router.go:969]  |            ::1|[42m 200 [0m|     1.9977ms|   match|[44m GET     [0m /admin/welcome   r:/admin/welcome
2021/04/27 00:58:46.775 [D] [router.go:969]  |            ::1|[42m 200 [0m|     6.9937ms|   match|[44m GET     [0m /admin/cars/cars_brand_list   r:/admin/cars/cars_brand_list
2021/04/27 00:58:48.119 [D] [router.go:969]  |            ::1|[42m 200 [0m|     8.0039ms|   match|[44m GET     [0m /admin/cars/cars_list   r:/admin/cars/cars_list
2021/04/27 00:58:52.846 [D] [router.go:969]  |            ::1|[42m 200 [0m|     6.0122ms|   match|[44m GET     [0m /admin/cars/cars_apply_list   r:/admin/cars/cars_apply_list
2021/04/27 00:59:10.619 [W] [router.go:528]  urlfor endpoint must like path.controller.method
2021/04/27 00:59:10.621 [D] [router.go:969]  |            ::1|[42m 200 [0m|     19.992ms|   match|[44m GET     [0m /admin/index   r:/admin/index
2021/04/27 00:59:10.669 [D] [router.go:969]  |            ::1|[42m 200 [0m|      3.993ms|   match|[44m GET     [0m /admin/welcome   r:/admin/welcome
2021/04/27 00:59:13.213 [D] [router.go:969]  |            ::1|[42m 200 [0m|     5.9957ms|   match|[44m GET     [0m /admin/cars/cars_apply_list   r:/admin/cars/cars_apply_list
2021/04/27 00:59:15.837 [D] [router.go:969]  |            ::1|[42m 200 [0m|      999.4µs|   match|[44m GET     [0m /static/images/zlkt.ico
2021/04/27 00:59:26.421 [D] [router.go:969]  |            ::1|[42m 200 [0m|     5.9959ms|   match|[44m GET     [0m /admin/cars/cars_brand_list   r:/admin/cars/cars_brand_list
2021/04/27 00:59:32.534 [D] [router.go:969]  |            ::1|[42m 200 [0m|     6.9954ms|   match|[44m GET     [0m /admin/cars/cars_list   r:/admin/cars/cars_list
2021/04/27 00:59:33.830 [D] [router.go:969]  |            ::1|[42m 200 [0m|      3.998ms|   match|[44m GET     [0m /admin/cars/to_cars   r:/admin/cars/to_cars
2021/04/27 00:59:44.989 [D] [router.go:969]  |            ::1|[42m 200 [0m|    61.9546ms|   match|[46m POST    [0m /admin/cars/do_cars   r:/admin/cars/do_cars
2021/04/27 00:59:47.009 [D] [router.go:969]  |            ::1|[42m 200 [0m|     7.9964ms|   match|[44m GET     [0m /admin/cars/cars_list   r:/admin/cars/cars_list
2021/04/27 00:59:49.213 [D] [router.go:969]  |            ::1|[42m 200 [0m|     6.0087ms|   match|[44m GET     [0m /admin/cars/cars_list   r:/admin/cars/cars_list
2021/04/27 01:03:58.373 [I] [app.go:214]  http server Running on http://:8080
2021/04/27 01:03:58.373 [I] [admin.go:447]  Admin server Running on :8088
2021/04/27 01:04:13.597 [D] [router.go:969]  |            ::1|[47m 302 [0m|     3.9977ms| nomatch|[44m GET     [0m /admin/index
2021/04/27 01:04:13.719 [D] [router.go:969]  |            ::1|[42m 200 [0m|   115.9534ms|   match|[44m GET     [0m /login   r:/login
2021/04/27 01:04:14.567 [I] [app.go:214]  http server Running on http://:8080
2021/04/27 01:04:14.567 [I] [admin.go:447]  Admin server Running on :8088
2021/04/27 01:04:19.906 [D] [router.go:969]  |            ::1|[42m 200 [0m|     3.9994ms|   match|[46m POST    [0m /login   r:/login
2021/04/27 01:04:23.166 [D] [router.go:969]  |            ::1|[42m 200 [0m|     57.968ms|   match|[44m GET     [0m /change_captcha   r:/change_captcha
2021/04/27 01:04:23.968 [D] [router.go:969]  |            ::1|[42m 200 [0m|    59.9645ms|   match|[44m GET     [0m /change_captcha   r:/change_captcha
2021/04/27 01:04:25.051 [D] [router.go:969]  |            ::1|[42m 200 [0m|    54.9678ms|   match|[44m GET     [0m /change_captcha   r:/change_captcha
2021/04/27 01:04:25.772 [D] [router.go:969]  |            ::1|[42m 200 [0m|    55.9727ms|   match|[44m GET     [0m /change_captcha   r:/change_captcha
2021/04/27 01:04:26.620 [D] [router.go:969]  |            ::1|[42m 200 [0m|    56.9659ms|   match|[44m GET     [0m /change_captcha   r:/change_captcha
2021/04/27 01:04:27.501 [D] [router.go:969]  |            ::1|[42m 200 [0m|    55.9662ms|   match|[44m GET     [0m /change_captcha   r:/change_captcha
2021/04/27 01:04:30.459 [D] [router.go:969]  |            ::1|[42m 200 [0m|      5.982ms|   match|[46m POST    [0m /login   r:/login
2021/04/27 01:04:30.495 [W] [router.go:528]  urlfor endpoint must like path.controller.method
2021/04/27 01:04:30.496 [D] [router.go:969]  |            ::1|[42m 200 [0m|    29.9808ms|   match|[44m GET     [0m /admin/index   r:/admin/index
2021/04/27 01:04:30.533 [D] [router.go:969]  |            ::1|[42m 200 [0m|     1.9965ms|   match|[44m GET     [0m /admin/welcome   r:/admin/welcome
2021/04/27 01:04:32.599 [D] [router.go:969]  |            ::1|[42m 200 [0m|     5.9928ms|   match|[44m GET     [0m /admin/cars/cars_apply_list   r:/admin/cars/cars_apply_list
2021/04/27 01:04:44.350 [D] [router.go:969]  |            ::1|[42m 200 [0m|     6.9946ms|   match|[44m GET     [0m /admin/cars/cars_apply_list   r:/admin/cars/cars_apply_list
2021/04/27 01:04:46.486 [D] [router.go:969]  |            ::1|[42m 200 [0m|     8.0056ms|   match|[44m GET     [0m /admin/cars/cars_list   r:/admin/cars/cars_list
2021/04/27 01:04:48.612 [D] [router.go:969]  |            ::1|[42m 200 [0m|     3.9949ms|   match|[44m GET     [0m /admin/cars/to_cars   r:/admin/cars/to_cars
2021/04/27 01:05:21.953 [D] [router.go:969]  |            ::1|[42m 200 [0m|    34.9554ms|   match|[46m POST    [0m /admin/cars/do_cars   r:/admin/cars/do_cars
2021/04/27 01:05:23.974 [D] [router.go:969]  |            ::1|[42m 200 [0m|     7.0064ms|   match|[44m GET     [0m /admin/cars/cars_list   r:/admin/cars/cars_list
2021/04/27 01:05:26.029 [D] [router.go:969]  |            ::1|[42m 200 [0m|     6.9851ms|   match|[44m GET     [0m /admin/cars/cars_list   r:/admin/cars/cars_list
2021/04/27 01:05:34.733 [D] [router.go:969]  |            ::1|[42m 200 [0m|     5.9973ms|   match|[44m GET     [0m /admin/cars/cars_apply_list   r:/admin/cars/cars_apply_list
2021/04/27 01:06:02.414 [D] [router.go:969]  |            ::1|[42m 200 [0m|     6.9968ms|   match|[44m GET     [0m /admin/cars/cars_apply_list   r:/admin/cars/cars_apply_list
2021/04/27 01:06:02.957 [D] [router.go:969]  |            ::1|[42m 200 [0m|      6.996ms|   match|[44m GET     [0m /admin/cars/cars_apply_list   r:/admin/cars/cars_apply_list
2021/04/27 01:06:03.499 [D] [router.go:969]  |            ::1|[42m 200 [0m|     7.0067ms|   match|[44m GET     [0m /admin/cars/cars_apply_list   r:/admin/cars/cars_apply_list
2021/04/27 01:06:03.819 [D] [router.go:969]  |            ::1|[42m 200 [0m|      5.987ms|   match|[44m GET     [0m /admin/cars/cars_apply_list   r:/admin/cars/cars_apply_list
2021/04/27 01:06:04.763 [D] [router.go:969]  |            ::1|[42m 200 [0m|     5.9961ms|   match|[44m GET     [0m /admin/cars/cars_apply_list   r:/admin/cars/cars_apply_list
2021/04/27 01:07:30.733 [D] [router.go:969]  |            ::1|[42m 200 [0m|     8.0064ms|   match|[44m GET     [0m /admin/cars/cars_list   r:/admin/cars/cars_list
2021/04/27 01:07:31.586 [D] [router.go:969]  |            ::1|[42m 200 [0m|     5.9849ms|   match|[44m GET     [0m /admin/cars/cars_list   r:/admin/cars/cars_list
2021/04/27 01:07:32.170 [D] [router.go:969]  |            ::1|[42m 200 [0m|     6.0076ms|   match|[44m GET     [0m /admin/cars/cars_list   r:/admin/cars/cars_list
2021/04/27 01:07:32.771 [D] [router.go:969]  |            ::1|[42m 200 [0m|     6.9958ms|   match|[44m GET     [0m /admin/cars/cars_list   r:/admin/cars/cars_list
2021/04/27 01:08:28.584 [W] [router.go:528]  urlfor endpoint must like path.controller.method
2021/04/27 01:08:28.586 [D] [router.go:969]  |            ::1|[42m 200 [0m|    18.9894ms|   match|[44m GET     [0m /admin/index   r:/admin/index
2021/04/27 01:08:28.623 [D] [router.go:969]  |            ::1|[42m 200 [0m|     4.0037ms|   match|[44m GET     [0m /admin/welcome   r:/admin/welcome
2021/04/27 01:08:31.275 [D] [router.go:969]  |            ::1|[42m 200 [0m|     6.0037ms|   match|[44m GET     [0m /admin/cars/cars_apply_list   r:/admin/cars/cars_apply_list
2021/04/27 01:08:32.928 [D] [router.go:969]  |            ::1|[42m 200 [0m|     1.0026ms|   match|[44m GET     [0m /static/images/zlkt.ico
2021/04/27 01:08:55.500 [D] [router.go:969]  |            ::1|[42m 200 [0m|     4.9968ms|   match|[44m GET     [0m /admin/cars/cars_apply_list   r:/admin/cars/cars_apply_list
2021/04/27 01:09:46.419 [D] [router.go:969]  |            ::1|[42m 200 [0m|     5.9961ms|   match|[44m GET     [0m /admin/cars/cars_apply_list   r:/admin/cars/cars_apply_list
2021/04/27 01:10:20.733 [D] [router.go:969]  |            ::1|[42m 200 [0m|     6.9948ms|   match|[44m GET     [0m /admin/cars/cars_apply_list   r:/admin/cars/cars_apply_list
2021/04/27 01:31:07.700 [I] [admin.go:447]  Admin server Running on :8088
2021/04/27 01:31:07.700 [I] [app.go:214]  http server Running on http://:8080
2021/04/27 01:33:26.781 [I] [app.go:214]  http server Running on http://:8080
2021/04/27 01:33:26.781 [I] [admin.go:447]  Admin server Running on :8088
2021/04/27 01:33:40.461 [I] [admin.go:447]  Admin server Running on :8088
2021/04/27 01:33:40.461 [I] [app.go:214]  http server Running on http://:8080
2021/04/27 01:37:58.499 [I] [app.go:214]  http server Running on http://:8080
2021/04/27 01:37:58.500 [I] [admin.go:447]  Admin server Running on :8088
2021/04/27 01:38:02.657 [I] [app.go:214]  http server Running on http://:8080
2021/04/27 01:38:02.657 [I] [admin.go:447]  Admin server Running on :8088
2021/04/27 01:38:06.457 [I] [app.go:214]  http server Running on http://:8080
2021/04/27 01:38:06.457 [I] [admin.go:447]  Admin server Running on :8088
2021/04/27 01:38:17.386 [D] [router.go:969]  |            ::1|[47m 302 [0m|     3.9969ms| nomatch|[44m GET     [0m /admin/index
2021/04/27 01:38:17.459 [D] [router.go:969]  |            ::1|[42m 200 [0m|    67.9589ms|   match|[44m GET     [0m /login   r:/login
2021/04/27 01:38:26.156 [D] [router.go:969]  |            ::1|[42m 200 [0m|     2.9999ms|   match|[46m POST    [0m /login   r:/login
2021/04/27 01:38:26.185 [W] [router.go:528]  urlfor endpoint must like path.controller.method
2021/04/27 01:38:26.185 [D] [router.go:969]  |            ::1|[42m 200 [0m|    19.9855ms|   match|[44m GET     [0m /admin/index   r:/admin/index
2021/04/27 01:38:26.213 [D] [router.go:969]  |            ::1|[42m 200 [0m|     2.9972ms|   match|[44m GET     [0m /admin/welcome   r:/admin/welcome
2021/04/27 01:38:29.400 [D] [router.go:969]  |            ::1|[42m 200 [0m|     6.9946ms|   match|[44m GET     [0m /admin/cars/cars_apply_list   r:/admin/cars/cars_apply_list
2021/04/27 01:38:31.866 [D] [router.go:969]  |            ::1|[42m 200 [0m|           0s|   match|[44m GET     [0m /static/lib/layui/css/modules/layer/default/loading-1.gif
2021/04/27 01:38:31.867 [D] [router.go:969]  |            ::1|[42m 200 [0m|           0s|   match|[44m GET     [0m /static/lib/layui/css/modules/layer/default/icon.png
2021/04/27 01:38:31.870 [D] [router.go:969]  |            ::1|[42m 200 [0m|     3.9982ms|   match|[44m GET     [0m /admin/cars/to_apply   r:/admin/cars/to_apply
2021/04/27 01:42:19.717 [I] [admin.go:447]  Admin server Running on :8088
2021/04/27 01:42:19.717 [I] [app.go:214]  http server Running on http://:8080
2021/04/27 01:42:34.580 [D] [router.go:969]  |            ::1|[47m 302 [0m|     3.0003ms| nomatch|[44m GET     [0m /admin/index
2021/04/27 01:42:34.650 [D] [router.go:969]  |            ::1|[42m 200 [0m|    64.9863ms|   match|[44m GET     [0m /login   r:/login
2021/04/27 01:42:40.931 [D] [router.go:969]  |            ::1|[42m 200 [0m|     3.9981ms|   match|[46m POST    [0m /login   r:/login
2021/04/27 01:42:40.962 [W] [router.go:528]  urlfor endpoint must like path.controller.method
2021/04/27 01:42:40.963 [D] [router.go:969]  |            ::1|[42m 200 [0m|    23.9861ms|   match|[44m GET     [0m /admin/index   r:/admin/index
2021/04/27 01:42:40.997 [D] [router.go:969]  |            ::1|[42m 200 [0m|     5.9976ms|   match|[44m GET     [0m /admin/welcome   r:/admin/welcome
2021/04/27 01:42:43.222 [D] [router.go:969]  |            ::1|[42m 200 [0m|    11.9913ms|   match|[44m GET     [0m /admin/cars/cars_apply_list   r:/admin/cars/cars_apply_list
2021/04/27 01:42:44.198 [D] [router.go:969]  |            ::1|[42m 200 [0m|     3.9728ms|   match|[44m GET     [0m /admin/cars/to_apply   r:/admin/cars/to_apply
2021/04/27 01:42:52.479 [D] [router.go:969]  |            ::1|[42m 200 [0m|      999.1µs|   match|[46m POST    [0m /admin/cars/do_apply   r:/admin/cars/do_apply
2021/04/27 01:42:59.460 [D] [router.go:969]  |            ::1|[42m 200 [0m|     3.9988ms|   match|[44m GET     [0m /admin/cars/to_apply   r:/admin/cars/to_apply
2021/04/27 01:43:07.127 [D] [router.go:969]  |            ::1|[42m 200 [0m|     1.9979ms|   match|[46m POST    [0m /admin/cars/do_apply   r:/admin/cars/do_apply
2021/04/27 01:53:02.821 [I] [admin.go:447]  Admin server Running on :8088
2021/04/27 01:53:02.821 [I] [app.go:214]  http server Running on http://:8080
2021/04/27 01:54:28.929 [I] [app.go:214]  http server Running on http://:8080
2021/04/27 01:54:28.930 [I] [admin.go:447]  Admin server Running on :8088
2021/04/27 01:54:34.931 [I] [app.go:214]  http server Running on http://:8080
2021/04/27 01:54:34.931 [I] [admin.go:447]  Admin server Running on :8088
2021/04/27 01:54:42.096 [I] [app.go:214]  http server Running on http://:8080
2021/04/27 01:54:42.096 [I] [admin.go:447]  Admin server Running on :8088
2021/04/27 01:54:48.397 [I] [app.go:214]  http server Running on http://:8080
2021/04/27 01:54:48.417 [I] [admin.go:447]  Admin server Running on :8088
2021/04/27 01:54:56.165 [I] [app.go:214]  http server Running on http://:8080
2021/04/27 01:54:56.165 [I] [admin.go:447]  Admin server Running on :8088
2021/04/27 01:55:02.242 [I] [admin.go:447]  Admin server Running on :8088
2021/04/27 01:55:02.242 [I] [app.go:214]  http server Running on http://:8080
2021/04/27 01:57:30.133 [I] [admin.go:447]  Admin server Running on :8088
2021/04/27 01:57:30.133 [I] [app.go:214]  http server Running on http://:8080
2021/04/27 01:58:22.228 [I] [admin.go:447]  Admin server Running on :8088
2021/04/27 01:58:22.228 [I] [app.go:214]  http server Running on http://:8080
2021/04/27 01:58:52.533 [I] [app.go:214]  http server Running on http://:8080
2021/04/27 01:58:52.533 [I] [admin.go:447]  Admin server Running on :8088
2021/04/27 02:00:12.468 [I] [admin.go:447]  Admin server Running on :8088
2021/04/27 02:00:12.468 [I] [app.go:214]  http server Running on http://:8080
2021/04/27 02:01:58.547 [I] [app.go:214]  http server Running on http://:8080
2021/04/27 02:01:58.547 [I] [admin.go:447]  Admin server Running on :8088
2021/04/27 02:01:59.043 [D] [router.go:969]  |            ::1|[47m 302 [0m|     4.0387ms| nomatch|[44m GET     [0m /admin/index
2021/04/27 02:01:59.131 [D] [router.go:969]  |            ::1|[42m 200 [0m|    84.7361ms|   match|[44m GET     [0m /login   r:/login
2021/04/27 02:02:02.030 [I] [app.go:214]  http server Running on http://:8080
2021/04/27 02:02:02.030 [I] [admin.go:447]  Admin server Running on :8088
2021/04/27 02:02:04.022 [D] [router.go:969]  |            ::1|[42m 200 [0m|    60.9746ms|   match|[44m GET     [0m /change_captcha   r:/change_captcha
2021/04/27 02:02:06.149 [D] [router.go:969]  |            ::1|[42m 200 [0m|     2.9991ms|   match|[46m POST    [0m /login   r:/login
2021/04/27 02:02:06.178 [W] [router.go:528]  urlfor endpoint must like path.controller.method
2021/04/27 02:02:06.179 [D] [router.go:969]  |            ::1|[42m 200 [0m|    21.9854ms|   match|[44m GET     [0m /admin/index   r:/admin/index
2021/04/27 02:02:06.209 [D] [router.go:969]  |            ::1|[42m 200 [0m|     2.9999ms|   match|[44m GET     [0m /admin/welcome   r:/admin/welcome
2021/04/27 02:02:08.438 [D] [router.go:969]  |            ::1|[42m 200 [0m|     9.9935ms|   match|[44m GET     [0m /admin/cars/cars_apply_list   r:/admin/cars/cars_apply_list
2021/04/27 02:02:13.200 [D] [router.go:969]  |            ::1|[42m 200 [0m|     1.9986ms|   match|[44m GET     [0m /admin/cars/to_apply   r:/admin/cars/to_apply
2021/04/27 02:02:43.734 [D] [router.go:969]  |            ::1|[42m 200 [0m|    99.9417ms|   match|[46m POST    [0m /admin/cars/do_apply   r:/admin/cars/do_apply
2021/04/27 02:02:45.767 [D] [router.go:969]  |            ::1|[42m 200 [0m|     7.9976ms|   match|[44m GET     [0m /admin/cars/cars_apply_list   r:/admin/cars/cars_apply_list
2021/04/27 02:02:48.763 [D] [router.go:969]  |            ::1|[42m 200 [0m|     5.9978ms|   match|[44m GET     [0m /admin/cars/cars_apply_list   r:/admin/cars/cars_apply_list
2021/04/27 02:03:31.288 [D] [router.go:969]  |            ::1|[42m 200 [0m|     5.9959ms|   match|[44m GET     [0m /admin/cars/cars_apply_list   r:/admin/cars/cars_apply_list
2021/04/27 02:03:35.057 [D] [router.go:969]  |            ::1|[42m 200 [0m|     5.9957ms|   match|[44m GET     [0m /admin/cars/cars_apply_list   r:/admin/cars/cars_apply_list
2021/04/27 22:46:22.831 [I] [admin.go:447]  Admin server Running on :8088
2021/04/27 22:46:22.831 [I] [app.go:214]  http server Running on http://:8080
2021/04/27 22:46:27.555 [I] [app.go:214]  http server Running on http://:8080
2021/04/27 22:46:27.557 [I] [admin.go:447]  Admin server Running on :8088
2021/04/27 22:46:32.287 [I] [app.go:214]  http server Running on http://:8080
2021/04/27 22:46:32.287 [I] [admin.go:447]  Admin server Running on :8088
2021/04/27 22:46:37.264 [I] [app.go:214]  http server Running on http://:8080
2021/04/27 22:46:37.265 [I] [admin.go:447]  Admin server Running on :8088
2021/04/27 22:46:41.637 [I] [app.go:214]  http server Running on http://:8080
2021/04/27 22:46:41.637 [I] [admin.go:447]  Admin server Running on :8088
2021/04/27 22:46:47.131 [I] [app.go:214]  http server Running on http://:8080
2021/04/27 22:46:47.132 [I] [admin.go:447]  Admin server Running on :8088
2021/04/27 22:46:52.552 [I] [app.go:214]  http server Running on http://:8080
2021/04/27 22:46:52.553 [I] [admin.go:447]  Admin server Running on :8088
2021/04/27 22:46:57.282 [I] [app.go:214]  http server Running on http://:8080
2021/04/27 22:46:57.282 [I] [admin.go:447]  Admin server Running on :8088
2021/04/27 22:47:01.571 [I] [app.go:214]  http server Running on http://:8080
2021/04/27 22:47:01.572 [I] [admin.go:447]  Admin server Running on :8088
2021/04/27 22:47:07.117 [I] [app.go:214]  http server Running on http://:8080
2021/04/27 22:47:07.117 [I] [admin.go:447]  Admin server Running on :8088
2021/04/27 22:47:11.645 [I] [app.go:214]  http server Running on http://:8080
2021/04/27 22:47:11.645 [I] [admin.go:447]  Admin server Running on :8088
2021/04/27 22:47:16.211 [I] [app.go:214]  http server Running on http://:8080
2021/04/27 22:47:16.212 [I] [admin.go:447]  Admin server Running on :8088
2021/04/27 22:48:56.922 [I] [admin.go:447]  Admin server Running on :8088
2021/04/27 22:48:56.922 [I] [app.go:214]  http server Running on http://:8080
2021/04/27 22:49:28.957 [D] [router.go:969]  |            ::1|[47m 302 [0m|     3.9971ms| nomatch|[44m GET     [0m /admin/index
2021/04/27 22:49:29.037 [D] [router.go:969]  |            ::1|[42m 200 [0m|    74.9592ms|   match|[44m GET     [0m /login   r:/login
2021/04/27 22:49:29.127 [D] [router.go:969]  |            ::1|[42m 200 [0m|    21.9886ms|   match|[44m GET     [0m /static/sweetalert/sweetalert.css
2021/04/27 22:49:29.145 [D] [router.go:969]  |            ::1|[42m 200 [0m|    38.9798ms|   match|[44m GET     [0m /static/js/xadmin.js
2021/04/27 22:49:29.152 [D] [router.go:969]  |            ::1|[42m 200 [0m|    22.9873ms|   match|[44m GET     [0m /static/sweetalert/sweetalert.min.js
2021/04/27 22:49:29.159 [D] [router.go:969]  |            ::1|[42m 200 [0m|    53.9761ms|   match|[44m GET     [0m /static/lib/layui/layui.js
2021/04/27 22:49:29.169 [D] [router.go:969]  |            ::1|[42m 200 [0m|    66.9624ms|   match|[44m GET     [0m /static/css/xadmin.css
2021/04/27 22:49:29.173 [D] [router.go:969]  |            ::1|[42m 200 [0m|    70.9612ms|   match|[44m GET     [0m /static/css/font.css
2021/04/27 22:49:29.184 [D] [router.go:969]  |            ::1|[42m 200 [0m|    77.9555ms|   match|[44m GET     [0m /static/sweetalert/ions_alert.js
2021/04/27 22:49:29.197 [D] [router.go:969]  |            ::1|[42m 200 [0m|    21.9855ms|   match|[44m GET     [0m /static/lib/layui/css/layui.css
2021/04/27 22:49:29.290 [D] [router.go:969]  |            ::1|[42m 200 [0m|    12.9922ms|   match|[44m GET     [0m /static/images/bg.png
2021/04/27 22:49:29.303 [D] [router.go:969]  |            ::1|[42m 200 [0m|    23.9859ms|   match|[44m GET     [0m /static/images/aiwrap.png
2021/04/27 22:49:29.391 [D] [router.go:969]  |            ::1|[42m 200 [0m|    35.9796ms|   match|[44m GET     [0m /static/lib/layui/lay/modules/form.js
2021/04/27 22:49:29.414 [D] [router.go:969]  |            ::1|[42m 200 [0m|    15.9899ms|   match|[44m GET     [0m /static/lib/layui/lay/modules/layer.js
2021/04/27 22:49:29.432 [D] [router.go:969]  |            ::1|[42m 200 [0m|    11.9967ms|   match|[44m GET     [0m /static/lib/layui/css/modules/layer/default/layer.css
2021/04/27 22:49:29.442 [D] [router.go:969]  |            ::1|[42m 200 [0m|    18.9897ms|   match|[44m GET     [0m /static/lib/layui/lay/modules/element.js
2021/04/27 22:49:29.453 [D] [router.go:969]  |            ::1|[42m 200 [0m|     5.9992ms|   match|[44m GET     [0m /static/images/zlkt.ico
2021/04/27 22:49:29.459 [D] [router.go:969]  |            ::1|[43m 404 [0m|          1ms| nomatch|[44m GET     [0m /favicon.ico
2021/04/27 22:49:42.401 [D] [router.go:969]  |            ::1|[42m 200 [0m|    69.9608ms|   match|[46m POST    [0m /login   r:/login
2021/04/27 22:49:42.561 [W] [router.go:528]  urlfor endpoint must like path.controller.method
2021/04/27 22:49:42.562 [D] [router.go:969]  |            ::1|[42m 200 [0m|   148.9164ms|   match|[44m GET     [0m /admin/index   r:/admin/index
2021/04/27 22:49:42.607 [D] [router.go:969]  |            ::1|[42m 200 [0m|      3.997ms|   match|[44m GET     [0m /admin/welcome   r:/admin/welcome
2021/04/27 22:49:42.632 [D] [router.go:969]  |            ::1|[42m 200 [0m|      7.996ms|   match|[44m GET     [0m /static/fonts/iconfont.woff
2021/04/27 22:49:42.702 [D] [router.go:969]  |            ::1|[42m 200 [0m|    11.9934ms|   match|[44m GET     [0m /static/lib/layui/font/iconfont.woff
2021/04/27 22:49:47.224 [D] [router.go:969]  |            ::1|[42m 200 [0m|   123.9288ms|   match|[44m GET     [0m /admin/cars/cars_apply_list   r:/admin/cars/cars_apply_list
2021/04/27 22:49:47.256 [D] [router.go:969]  |            ::1|[42m 200 [0m|    10.9931ms|   match|[44m GET     [0m /static/lib/layui/lay/modules/laydate.js
2021/04/27 22:49:47.289 [D] [router.go:969]  |            ::1|[42m 200 [0m|    13.9923ms|   match|[44m GET     [0m /static/lib/layui/css/modules/laydate/default/laydate.css
2021/04/27 22:49:50.990 [D] [router.go:969]  |            ::1|[42m 200 [0m|     4.9969ms|   match|[44m GET     [0m /admin/cars/to_apply   r:/admin/cars/to_apply
2021/04/27 22:49:51.005 [D] [router.go:969]  |            ::1|[42m 200 [0m|     20.989ms|   match|[44m GET     [0m /static/lib/layui/css/modules/layer/default/loading-1.gif
2021/04/27 22:49:51.013 [D] [router.go:969]  |            ::1|[42m 200 [0m|     7.9973ms|   match|[44m GET     [0m /static//lib/layui/layui.js
2021/04/27 22:49:51.013 [D] [router.go:969]  |            ::1|[42m 200 [0m|    26.9853ms|   match|[44m GET     [0m /static/lib/layui/css/modules/layer/default/icon.png
2021/04/27 22:49:51.036 [D] [router.go:969]  |            ::1|[42m 200 [0m|      999.2µs|   match|[44m GET     [0m /static//lib/layui/lay/modules/form.js
2021/04/27 22:49:51.037 [D] [router.go:969]  |            ::1|[42m 200 [0m|      998.2µs|   match|[44m GET     [0m /static//lib/layui/lay/modules/laydate.js
2021/04/27 22:49:51.045 [D] [router.go:969]  |            ::1|[42m 200 [0m|           0s|   match|[44m GET     [0m /static//lib/layui/lay/modules/layer.js
2021/04/27 22:49:51.049 [D] [router.go:969]  |            ::1|[42m 200 [0m|      999.6µs|   match|[44m GET     [0m /static//lib/layui/css/modules/laydate/default/laydate.css
2021/04/27 22:49:51.053 [D] [router.go:969]  |            ::1|[42m 200 [0m|      999.2µs|   match|[44m GET     [0m /static//lib/layui/css/modules/layer/default/layer.css
2021/04/27 22:49:51.059 [D] [router.go:969]  |            ::1|[42m 200 [0m|           0s|   match|[44m GET     [0m /static//lib/layui/lay/modules/element.js
2021/04/27 23:06:13.574 [D] [router.go:969]  |            ::1|[42m 200 [0m|     8.0039ms|   match|[44m GET     [0m /admin/auth/list   r:/admin/auth/list
2021/04/27 23:06:15.210 [D] [router.go:969]  |            ::1|[42m 200 [0m|      4.996ms|   match|[44m GET     [0m /admin/auth/to_add   r:/admin/auth/to_add
2021/04/27 23:07:30.182 [D] [router.go:969]  |            ::1|[42m 200 [0m|    56.9649ms|   match|[46m POST    [0m /admin/auth/do_add   r:/admin/auth/do_add
2021/04/27 23:07:33.403 [D] [router.go:969]  |            ::1|[42m 200 [0m|     6.9952ms|   match|[44m GET     [0m /admin/auth/list   r:/admin/auth/list
2021/04/27 23:08:03.365 [D] [router.go:969]  |            ::1|[42m 200 [0m|      6.996ms|   match|[44m GET     [0m /admin/role/list   r:/admin/role/list
2021/04/27 23:08:10.798 [D] [router.go:969]  |            ::1|[42m 200 [0m|     7.9992ms|   match|[44m GET     [0m /admin/role/to_role_user   r:/admin/role/to_role_user
2021/04/27 23:08:10.852 [D] [router.go:969]  |            ::1|[42m 200 [0m|    33.9814ms|   match|[44m GET     [0m /static/css/bootstrap-chosen.css
2021/04/27 23:08:10.865 [D] [router.go:969]  |            ::1|[42m 200 [0m|    47.9732ms|   match|[44m GET     [0m /static/js/chosen.jquery.js
2021/04/27 23:08:10.893 [D] [router.go:969]  |            ::1|[42m 200 [0m|    10.9914ms|   match|[44m GET     [0m /static/css/chosen-sprite.png
2021/04/27 23:08:17.902 [D] [router.go:969]  |            ::1|[42m 200 [0m|     7.9999ms|   match|[44m GET     [0m /admin/role/to_role_user   r:/admin/role/to_role_user
2021/04/27 23:08:21.429 [D] [router.go:969]  |            ::1|[42m 200 [0m|     6.9675ms|   match|[44m GET     [0m /admin/role/to_role_user   r:/admin/role/to_role_user
2021/04/27 23:08:31.190 [D] [router.go:969]  |            ::1|[42m 200 [0m|     5.9937ms|   match|[44m GET     [0m /admin/role/to_role_auth   r:/admin/role/to_role_auth
2021/04/27 23:08:31.278 [D] [router.go:969]  |            ::1|[42m 200 [0m|    57.9677ms|   match|[44m GET     [0m /static/js/ztree/jquery.min.js
2021/04/27 23:08:31.295 [D] [router.go:969]  |            ::1|[42m 200 [0m|    74.9754ms|   match|[44m GET     [0m /static/js/ztree/jquery.ztree.core.js
2021/04/27 23:08:31.302 [D] [router.go:969]  |            ::1|[42m 200 [0m|    81.9643ms|   match|[44m GET     [0m /static/css/bootstrapStyle/bootstrapStyle.css
2021/04/27 23:08:31.313 [D] [router.go:969]  |            ::1|[42m 200 [0m|    91.9691ms|   match|[44m GET     [0m /static/js/ztree/jquery.ztree.excheck.js
2021/04/27 23:08:31.322 [D] [router.go:969]  |            ::1|[42m 200 [0m|   100.9415ms|   match|[44m GET     [0m /static/js/ztree/jquery.ztree.exedit.js
2021/04/27 23:08:31.450 [D] [router.go:969]  |            ::1|[42m 200 [0m|     2.9888ms|   match|[44m GET     [0m /admin/role/get_auth_json   r:/admin/role/get_auth_json
2021/04/27 23:08:31.480 [D] [router.go:969]  |            ::1|[42m 200 [0m|     11.005ms|   match|[44m GET     [0m /static/css/bootstrapStyle/img/bootstrap.png
2021/04/27 23:08:31.500 [D] [router.go:969]  |            ::1|[42m 200 [0m|     9.9917ms|   match|[44m GET     [0m /static/css/bootstrapStyle/img/line_conn.png
2021/04/27 23:08:34.974 [D] [router.go:969]  |            ::1|[42m 200 [0m|   586.3721ms|   match|[46m POST    [0m /admin/role/do_role_auth   r:/admin/role/do_role_auth
2021/04/27 23:08:38.198 [D] [router.go:969]  |            ::1|[42m 200 [0m|     9.9917ms|   match|[44m GET     [0m /admin/role/list   r:/admin/role/list
2021/04/27 23:08:40.109 [W] [router.go:528]  urlfor endpoint must like path.controller.method
2021/04/27 23:08:40.110 [W] [router.go:528]  urlfor endpoint must like path.controller.method
2021/04/27 23:08:40.111 [D] [router.go:969]  |            ::1|[42m 200 [0m|    24.9868ms|   match|[44m GET     [0m /admin/index   r:/admin/index
2021/04/27 23:08:40.147 [D] [router.go:969]  |            ::1|[42m 200 [0m|     3.0099ms|   match|[44m GET     [0m /admin/welcome   r:/admin/welcome
2021/04/27 23:08:52.323 [D] [router.go:969]  |            ::1|[42m 200 [0m|           0s|   match|[44m GET     [0m /static/images/zlkt.ico
2021/04/27 23:32:03.815 [I] [app.go:214]  http server Running on http://:8080
2021/04/27 23:32:03.815 [I] [admin.go:447]  Admin server Running on :8088
2021/04/27 23:32:55.936 [I] [app.go:214]  http server Running on http://:8080
2021/04/27 23:32:55.936 [I] [admin.go:447]  Admin server Running on :8088
2021/04/27 23:33:32.369 [I] [admin.go:447]  Admin server Running on :8088
2021/04/27 23:33:32.369 [I] [app.go:214]  http server Running on http://:8080
2021/04/27 23:35:01.209 [I] [admin.go:447]  Admin server Running on :8088
2021/04/27 23:35:01.209 [I] [app.go:214]  http server Running on http://:8080
2021/04/27 23:40:18.245 [I] [app.go:214]  http server Running on http://:8080
2021/04/27 23:40:18.245 [I] [admin.go:447]  Admin server Running on :8088
2021/04/27 23:44:11.297 [I] [admin.go:447]  Admin server Running on :8088
2021/04/27 23:44:11.297 [I] [app.go:214]  http server Running on http://:8080
2021/04/27 23:44:45.768 [D] [router.go:969]  |            ::1|[47m 302 [0m|     2.9987ms| nomatch|[44m GET     [0m /admin/index
2021/04/27 23:44:45.844 [D] [router.go:969]  |            ::1|[42m 200 [0m|    72.2772ms|   match|[44m GET     [0m /login   r:/login
2021/04/27 23:44:52.248 [D] [router.go:969]  |            ::1|[42m 200 [0m|     5.9942ms|   match|[46m POST    [0m /login   r:/login
2021/04/27 23:44:52.288 [W] [router.go:528]  urlfor endpoint must like path.controller.method
2021/04/27 23:44:52.289 [W] [router.go:528]  urlfor endpoint must like path.controller.method
2021/04/27 23:44:52.290 [D] [router.go:969]  |            ::1|[42m 200 [0m|    32.9916ms|   match|[44m GET     [0m /admin/index   r:/admin/index
2021/04/27 23:44:52.317 [D] [router.go:969]  |            ::1|[42m 200 [0m|     2.9947ms|   match|[44m GET     [0m /admin/welcome   r:/admin/welcome
2021/04/27 23:45:38.067 [W] [router.go:528]  urlfor endpoint must like path.controller.method
2021/04/27 23:45:38.068 [D] [router.go:969]  |            ::1|[42m 200 [0m|    23.9942ms|   match|[44m GET     [0m /admin/index   r:/admin/index
2021/04/27 23:45:38.103 [D] [router.go:969]  |            ::1|[42m 200 [0m|     2.9874ms|   match|[44m GET     [0m /admin/welcome   r:/admin/welcome
2021/04/27 23:45:40.551 [D] [router.go:969]  |            ::1|[42m 200 [0m|      999.6µs|   match|[44m GET     [0m /static/images/zlkt.ico
2021/04/27 23:45:41.390 [D] [router.go:969]  |            ::1|[42m 200 [0m|    13.9912ms|   match|[44m GET     [0m /admin/cars/my_apply_list   r:/admin/cars/my_apply_list
2021/04/27 23:49:39.884 [I] [app.go:214]  http server Running on http://:8080
2021/04/27 23:49:39.885 [I] [admin.go:447]  Admin server Running on :8088
2021/04/27 23:49:44.348 [I] [app.go:214]  http server Running on http://:8080
2021/04/27 23:49:44.349 [I] [admin.go:447]  Admin server Running on :8088
2021/04/27 23:49:48.485 [I] [app.go:214]  http server Running on http://:8080
2021/04/27 23:49:48.487 [I] [admin.go:447]  Admin server Running on :8088
2021/04/27 23:49:52.727 [I] [app.go:214]  http server Running on http://:8080
2021/04/27 23:49:52.728 [I] [admin.go:447]  Admin server Running on :8088
2021/04/27 23:49:56.894 [I] [app.go:214]  http server Running on http://:8080
2021/04/27 23:49:56.894 [I] [admin.go:447]  Admin server Running on :8088
2021/04/27 23:50:00.985 [I] [app.go:214]  http server Running on http://:8080
2021/04/27 23:50:00.985 [I] [admin.go:447]  Admin server Running on :8088
2021/04/27 23:50:05.365 [I] [app.go:214]  http server Running on http://:8080
2021/04/27 23:50:05.365 [I] [admin.go:447]  Admin server Running on :8088
2021/04/27 23:50:10.303 [I] [app.go:214]  http server Running on http://:8080
2021/04/27 23:50:10.304 [I] [admin.go:447]  Admin server Running on :8088
2021/04/27 23:50:15.357 [I] [app.go:214]  http server Running on http://:8080
2021/04/27 23:50:15.358 [I] [admin.go:447]  Admin server Running on :8088
2021/04/27 23:50:20.258 [I] [app.go:214]  http server Running on http://:8080
2021/04/27 23:50:20.258 [I] [admin.go:447]  Admin server Running on :8088
2021/04/27 23:50:29.944 [I] [app.go:214]  http server Running on http://:8080
2021/04/27 23:50:29.944 [I] [admin.go:447]  Admin server Running on :8088
2021/04/27 23:50:34.152 [I] [app.go:214]  http server Running on http://:8080
2021/04/27 23:50:34.152 [I] [admin.go:447]  Admin server Running on :8088
2021/04/27 23:50:39.329 [I] [app.go:214]  http server Running on http://:8080
2021/04/27 23:50:39.331 [I] [admin.go:447]  Admin server Running on :8088
2021/04/27 23:50:43.789 [I] [app.go:214]  http server Running on http://:8080
2021/04/27 23:50:43.790 [I] [admin.go:447]  Admin server Running on :8088
2021/04/27 23:50:45.208 [D] [router.go:969]  |            ::1|[47m 302 [0m|     3.9959ms| nomatch|[44m GET     [0m /admin/index
2021/04/27 23:50:45.313 [D] [router.go:969]  |            ::1|[42m 200 [0m|   101.9413ms|   match|[44m GET     [0m /login   r:/login
2021/04/27 23:50:48.439 [I] [app.go:214]  http server Running on http://:8080
2021/04/27 23:50:48.439 [I] [admin.go:447]  Admin server Running on :8088
2021/04/27 23:50:53.082 [I] [app.go:214]  http server Running on http://:8080
2021/04/27 23:50:53.082 [I] [admin.go:447]  Admin server Running on :8088
2021/04/27 23:50:53.153 [D] [router.go:969]  |            ::1|[42m 200 [0m|     5.9974ms|   match|[46m POST    [0m /login   r:/login
2021/04/27 23:50:55.607 [D] [router.go:969]  |            ::1|[42m 200 [0m|   200.8856ms|   match|[44m GET     [0m /change_captcha   r:/change_captcha
2021/04/27 23:50:56.510 [D] [router.go:969]  |            ::1|[42m 200 [0m|    84.9509ms|   match|[44m GET     [0m /change_captcha   r:/change_captcha
2021/04/27 23:50:57.741 [I] [app.go:214]  http server Running on http://:8080
2021/04/27 23:50:57.741 [I] [admin.go:447]  Admin server Running on :8088
2021/04/27 23:51:00.552 [D] [router.go:969]  |            ::1|[42m 200 [0m|      4.998ms|   match|[46m POST    [0m /login   r:/login
2021/04/27 23:51:02.201 [I] [app.go:214]  http server Running on http://:8080
2021/04/27 23:51:02.202 [I] [admin.go:447]  Admin server Running on :8088
2021/04/27 23:51:06.808 [I] [app.go:214]  http server Running on http://:8080
2021/04/27 23:51:06.810 [I] [admin.go:447]  Admin server Running on :8088
2021/04/27 23:51:11.445 [I] [app.go:214]  http server Running on http://:8080
2021/04/27 23:51:11.445 [I] [admin.go:447]  Admin server Running on :8088
2021/04/27 23:51:24.482 [I] [admin.go:447]  Admin server Running on :8088
2021/04/27 23:51:24.482 [I] [app.go:214]  http server Running on http://:8080
2021/04/27 23:51:36.280 [D] [router.go:969]  |            ::1|[42m 200 [0m|     3.9998ms|   match|[46m POST    [0m /login   r:/login
2021/04/27 23:51:38.843 [D] [router.go:969]  |            ::1|[42m 200 [0m|    62.9759ms|   match|[44m GET     [0m /login   r:/login
2021/04/27 23:51:38.913 [D] [router.go:969]  |            ::1|[42m 200 [0m|           0s|   match|[44m GET     [0m /static/images/zlkt.ico
2021/04/27 23:51:47.170 [D] [router.go:969]  |            ::1|[42m 200 [0m|      6.987ms|   match|[46m POST    [0m /login   r:/login
2021/04/27 23:51:47.208 [W] [router.go:528]  urlfor endpoint must like path.controller.method
2021/04/27 23:51:47.209 [D] [router.go:969]  |            ::1|[42m 200 [0m|    30.9714ms|   match|[44m GET     [0m /admin/index   r:/admin/index
2021/04/27 23:51:47.239 [D] [router.go:969]  |            ::1|[42m 200 [0m|     3.0004ms|   match|[44m GET     [0m /admin/welcome   r:/admin/welcome
2021/04/27 23:51:55.489 [D] [router.go:969]  |            ::1|[42m 200 [0m|    13.0019ms|   match|[44m GET     [0m /admin/cars/my_apply_list   r:/admin/cars/my_apply_list
2021/04/27 23:52:43.317 [D] [router.go:969]  |            ::1|[42m 200 [0m|     7.9919ms|   match|[44m GET     [0m /admin/cars/cars_list   r:/admin/cars/cars_list
2021/04/27 23:52:43.329 [D] [router.go:969]  |            ::1|[42m 200 [0m|           0s|   match|[44m GET     [0m /static//css/font.css
2021/04/27 23:52:43.331 [D] [router.go:969]  |            ::1|[42m 200 [0m|      996.6µs|   match|[44m GET     [0m /static//css/xadmin.css
2021/04/27 23:52:43.331 [D] [router.go:969]  |            ::1|[42m 200 [0m|           0s|   match|[44m GET     [0m /static//js/xadmin.js
2021/04/27 23:52:43.337 [D] [router.go:969]  |            ::1|[42m 200 [0m|      999.6µs|   match|[44m GET     [0m /static//lib/layui/css/layui.css
2021/04/27 23:52:43.357 [D] [router.go:969]  |            ::1|[42m 200 [0m|      999.7µs|   match|[44m GET     [0m /static//lib/layui/font/iconfont.woff
2021/04/27 23:52:44.946 [D] [router.go:969]  |            ::1|[42m 200 [0m|     6.9985ms|   match|[44m GET     [0m /admin/cars/cars_apply_list   r:/admin/cars/cars_apply_list
2021/04/27 23:52:48.775 [D] [router.go:969]  |            ::1|[42m 200 [0m|      3.991ms|   match|[44m GET     [0m /admin/cars/to_apply   r:/admin/cars/to_apply
2021/04/27 23:53:12.571 [D] [router.go:969]  |            ::1|[42m 200 [0m|   327.8332ms|   match|[46m POST    [0m /admin/cars/do_apply   r:/admin/cars/do_apply
2021/04/27 23:53:14.602 [D] [router.go:969]  |            ::1|[42m 200 [0m|     5.9947ms|   match|[44m GET     [0m /admin/cars/cars_apply_list   r:/admin/cars/cars_apply_list
2021/04/27 23:53:16.970 [D] [router.go:969]  |            ::1|[42m 200 [0m|     5.0075ms|   match|[44m GET     [0m /admin/cars/cars_apply_list   r:/admin/cars/cars_apply_list
2021/04/27 23:53:27.212 [D] [router.go:969]  |            ::1|[42m 200 [0m|     7.9845ms|   match|[44m GET     [0m /admin/cars/my_apply_list   r:/admin/cars/my_apply_list
2021/04/27 23:53:40.595 [D] [router.go:969]  |            ::1|[42m 200 [0m|     7.9808ms|   match|[44m GET     [0m /admin/cars/my_apply_list   r:/admin/cars/my_apply_list
2021/04/27 23:53:42.338 [D] [router.go:969]  |            ::1|[42m 200 [0m|     7.9947ms|   match|[44m GET     [0m /admin/cars/my_apply_list   r:/admin/cars/my_apply_list
